2024-09-24 14:36:49 INFO  Tc001_AccountRegistrationTest:16 - ****** Starting Tc001_AccountRegistrationTest ******
2024-09-24 14:36:57 ERROR Tc001_AccountRegistrationTest:48 - Test failed...
2024-09-24 14:36:57 DEBUG Tc001_AccountRegistrationTest:49 - Debug logs...
2024-09-24 14:37:00 INFO  Tc002_LoginTest:18 - ********starting Tc002_LoginTest ******* 
2024-09-24 14:37:06 DEBUG PackageRelationshipCollection:307 - Parsing relationship: /xl/_rels/workbook.xml.rels
2024-09-24 14:37:06 DEBUG PackageRelationshipCollection:307 - Parsing relationship: /xl/worksheets/_rels/sheet1.xml.rels
2024-09-24 14:37:06 DEBUG PackageRelationshipCollection:307 - Parsing relationship: /_rels/.rels
2024-09-24 14:37:06 DEBUG POIXMLFactory:65 - using default POIXMLDocumentPart for http://schemas.openxmlformats.org/officeDocument/2006/relationships/printerSettings
2024-09-24 14:37:06 DEBUG PackageRelationshipCollection:307 - Parsing relationship: /xl/_rels/workbook.xml.rels
2024-09-24 14:37:06 DEBUG PackageRelationshipCollection:307 - Parsing relationship: /xl/worksheets/_rels/sheet1.xml.rels
2024-09-24 14:37:06 DEBUG PackageRelationshipCollection:307 - Parsing relationship: /_rels/.rels
2024-09-24 14:37:06 DEBUG POIXMLFactory:65 - using default POIXMLDocumentPart for http://schemas.openxmlformats.org/officeDocument/2006/relationships/printerSettings
2024-09-24 14:37:06 DEBUG PackageRelationshipCollection:307 - Parsing relationship: /xl/_rels/workbook.xml.rels
2024-09-24 14:37:06 DEBUG PackageRelationshipCollection:307 - Parsing relationship: /xl/worksheets/_rels/sheet1.xml.rels
2024-09-24 14:37:06 DEBUG PackageRelationshipCollection:307 - Parsing relationship: /_rels/.rels
2024-09-24 14:37:06 DEBUG POIXMLFactory:65 - using default POIXMLDocumentPart for http://schemas.openxmlformats.org/officeDocument/2006/relationships/printerSettings
2024-09-24 14:37:06 DEBUG PackageRelationshipCollection:307 - Parsing relationship: /xl/_rels/workbook.xml.rels
2024-09-24 14:37:06 DEBUG PackageRelationshipCollection:307 - Parsing relationship: /xl/worksheets/_rels/sheet1.xml.rels
2024-09-24 14:37:06 DEBUG PackageRelationshipCollection:307 - Parsing relationship: /_rels/.rels
2024-09-24 14:37:06 DEBUG POIXMLFactory:65 - using default POIXMLDocumentPart for http://schemas.openxmlformats.org/officeDocument/2006/relationships/printerSettings
2024-09-24 14:37:06 DEBUG PackageRelationshipCollection:307 - Parsing relationship: /xl/_rels/workbook.xml.rels
2024-09-24 14:37:06 DEBUG PackageRelationshipCollection:307 - Parsing relationship: /xl/worksheets/_rels/sheet1.xml.rels
2024-09-24 14:37:06 DEBUG PackageRelationshipCollection:307 - Parsing relationship: /_rels/.rels
2024-09-24 14:37:06 DEBUG POIXMLFactory:65 - using default POIXMLDocumentPart for http://schemas.openxmlformats.org/officeDocument/2006/relationships/printerSettings
2024-09-24 14:37:06 DEBUG PackageRelationshipCollection:307 - Parsing relationship: /xl/_rels/workbook.xml.rels
2024-09-24 14:37:06 DEBUG PackageRelationshipCollection:307 - Parsing relationship: /xl/worksheets/_rels/sheet1.xml.rels
2024-09-24 14:37:06 DEBUG PackageRelationshipCollection:307 - Parsing relationship: /_rels/.rels
2024-09-24 14:37:06 DEBUG POIXMLFactory:65 - using default POIXMLDocumentPart for http://schemas.openxmlformats.org/officeDocument/2006/relationships/printerSettings
2024-09-24 14:37:06 DEBUG PackageRelationshipCollection:307 - Parsing relationship: /xl/_rels/workbook.xml.rels
2024-09-24 14:37:06 DEBUG PackageRelationshipCollection:307 - Parsing relationship: /xl/worksheets/_rels/sheet1.xml.rels
2024-09-24 14:37:06 DEBUG PackageRelationshipCollection:307 - Parsing relationship: /_rels/.rels
2024-09-24 14:37:06 DEBUG POIXMLFactory:65 - using default POIXMLDocumentPart for http://schemas.openxmlformats.org/officeDocument/2006/relationships/printerSettings
2024-09-24 14:37:06 DEBUG PackageRelationshipCollection:307 - Parsing relationship: /xl/_rels/workbook.xml.rels
2024-09-24 14:37:06 DEBUG PackageRelationshipCollection:307 - Parsing relationship: /xl/worksheets/_rels/sheet1.xml.rels
2024-09-24 14:37:06 DEBUG PackageRelationshipCollection:307 - Parsing relationship: /_rels/.rels
2024-09-24 14:37:06 DEBUG POIXMLFactory:65 - using default POIXMLDocumentPart for http://schemas.openxmlformats.org/officeDocument/2006/relationships/printerSettings
2024-09-24 14:37:06 DEBUG PackageRelationshipCollection:307 - Parsing relationship: /xl/_rels/workbook.xml.rels
2024-09-24 14:37:06 DEBUG PackageRelationshipCollection:307 - Parsing relationship: /xl/worksheets/_rels/sheet1.xml.rels
2024-09-24 14:37:06 DEBUG PackageRelationshipCollection:307 - Parsing relationship: /_rels/.rels
2024-09-24 14:37:06 DEBUG POIXMLFactory:65 - using default POIXMLDocumentPart for http://schemas.openxmlformats.org/officeDocument/2006/relationships/printerSettings
2024-09-24 14:37:06 DEBUG PackageRelationshipCollection:307 - Parsing relationship: /xl/_rels/workbook.xml.rels
2024-09-24 14:37:06 DEBUG PackageRelationshipCollection:307 - Parsing relationship: /xl/worksheets/_rels/sheet1.xml.rels
2024-09-24 14:37:06 DEBUG PackageRelationshipCollection:307 - Parsing relationship: /_rels/.rels
2024-09-24 14:37:06 DEBUG POIXMLFactory:65 - using default POIXMLDocumentPart for http://schemas.openxmlformats.org/officeDocument/2006/relationships/printerSettings
2024-09-24 14:37:06 DEBUG PackageRelationshipCollection:307 - Parsing relationship: /xl/_rels/workbook.xml.rels
2024-09-24 14:37:06 DEBUG PackageRelationshipCollection:307 - Parsing relationship: /xl/worksheets/_rels/sheet1.xml.rels
2024-09-24 14:37:06 DEBUG PackageRelationshipCollection:307 - Parsing relationship: /_rels/.rels
2024-09-24 14:37:06 DEBUG POIXMLFactory:65 - using default POIXMLDocumentPart for http://schemas.openxmlformats.org/officeDocument/2006/relationships/printerSettings
2024-09-24 14:37:06 DEBUG PackageRelationshipCollection:307 - Parsing relationship: /xl/_rels/workbook.xml.rels
2024-09-24 14:37:06 DEBUG PackageRelationshipCollection:307 - Parsing relationship: /xl/worksheets/_rels/sheet1.xml.rels
2024-09-24 14:37:06 DEBUG PackageRelationshipCollection:307 - Parsing relationship: /_rels/.rels
2024-09-24 14:37:06 DEBUG POIXMLFactory:65 - using default POIXMLDocumentPart for http://schemas.openxmlformats.org/officeDocument/2006/relationships/printerSettings
2024-09-24 14:37:06 DEBUG PackageRelationshipCollection:307 - Parsing relationship: /xl/_rels/workbook.xml.rels
2024-09-24 14:37:06 DEBUG PackageRelationshipCollection:307 - Parsing relationship: /xl/worksheets/_rels/sheet1.xml.rels
2024-09-24 14:37:06 DEBUG PackageRelationshipCollection:307 - Parsing relationship: /_rels/.rels
2024-09-24 14:37:06 DEBUG POIXMLFactory:65 - using default POIXMLDocumentPart for http://schemas.openxmlformats.org/officeDocument/2006/relationships/printerSettings
2024-09-24 14:37:06 DEBUG PackageRelationshipCollection:307 - Parsing relationship: /xl/_rels/workbook.xml.rels
2024-09-24 14:37:06 DEBUG PackageRelationshipCollection:307 - Parsing relationship: /xl/worksheets/_rels/sheet1.xml.rels
2024-09-24 14:37:06 DEBUG PackageRelationshipCollection:307 - Parsing relationship: /_rels/.rels
2024-09-24 14:37:06 DEBUG POIXMLFactory:65 - using default POIXMLDocumentPart for http://schemas.openxmlformats.org/officeDocument/2006/relationships/printerSettings
2024-09-24 14:37:06 DEBUG PackageRelationshipCollection:307 - Parsing relationship: /xl/_rels/workbook.xml.rels
2024-09-24 14:37:06 DEBUG PackageRelationshipCollection:307 - Parsing relationship: /xl/worksheets/_rels/sheet1.xml.rels
2024-09-24 14:37:06 DEBUG PackageRelationshipCollection:307 - Parsing relationship: /_rels/.rels
2024-09-24 14:37:06 DEBUG POIXMLFactory:65 - using default POIXMLDocumentPart for http://schemas.openxmlformats.org/officeDocument/2006/relationships/printerSettings
2024-09-24 14:37:06 DEBUG PackageRelationshipCollection:307 - Parsing relationship: /xl/_rels/workbook.xml.rels
2024-09-24 14:37:06 DEBUG PackageRelationshipCollection:307 - Parsing relationship: /xl/worksheets/_rels/sheet1.xml.rels
2024-09-24 14:37:06 DEBUG PackageRelationshipCollection:307 - Parsing relationship: /_rels/.rels
2024-09-24 14:37:06 DEBUG POIXMLFactory:65 - using default POIXMLDocumentPart for http://schemas.openxmlformats.org/officeDocument/2006/relationships/printerSettings
2024-09-24 14:37:06 DEBUG PackageRelationshipCollection:307 - Parsing relationship: /xl/_rels/workbook.xml.rels
2024-09-24 14:37:06 DEBUG PackageRelationshipCollection:307 - Parsing relationship: /xl/worksheets/_rels/sheet1.xml.rels
2024-09-24 14:37:06 DEBUG PackageRelationshipCollection:307 - Parsing relationship: /_rels/.rels
2024-09-24 14:37:06 DEBUG POIXMLFactory:65 - using default POIXMLDocumentPart for http://schemas.openxmlformats.org/officeDocument/2006/relationships/printerSettings
2024-09-24 14:37:06 INFO  Tc003_LoginDDT:16 - ********starting Tc003_LoginDDT ******* 
2024-09-24 14:37:08 INFO  Tc003_LoginDDT:16 - ********starting Tc003_LoginDDT ******* 
2024-09-24 14:37:08 INFO  Tc003_LoginDDT:16 - ********starting Tc003_LoginDDT ******* 
2024-09-24 14:37:08 INFO  Tc003_LoginDDT:16 - ********starting Tc003_LoginDDT ******* 
2024-09-24 14:37:08 INFO  Tc003_LoginDDT:16 - ********starting Tc003_LoginDDT ******* 
2024-09-24 14:51:32 INFO  Tc001_AccountRegistrationTest:16 - ****** Starting Tc001_AccountRegistrationTest ******
2024-09-24 14:51:40 ERROR Tc001_AccountRegistrationTest:48 - Test failed...
2024-09-24 14:51:40 DEBUG Tc001_AccountRegistrationTest:49 - Debug logs...
2024-09-24 14:59:02 INFO  Tc001_AccountRegistrationTest:16 - ****** Starting Tc001_AccountRegistrationTest ******
2024-09-24 14:59:10 ERROR Tc001_AccountRegistrationTest:48 - Test failed...
2024-09-24 14:59:10 DEBUG Tc001_AccountRegistrationTest:49 - Debug logs...
2024-09-24 15:02:55 INFO  Tc001_AccountRegistrationTest:16 - ****** Starting Tc001_AccountRegistrationTest ******
2024-09-24 15:03:03 INFO  Tc001_AccountRegistrationTest:22 - Clicked on MyAccount Link
2024-09-24 15:03:05 INFO  Tc001_AccountRegistrationTest:25 - Clicked on Registert Link
2024-09-24 15:03:05 INFO  Tc001_AccountRegistrationTest:29 - Providing Custommer details..
2024-09-24 15:03:05 INFO  Tc001_AccountRegistrationTest:42 - Validating expected message
2024-09-24 15:10:54 INFO  Tc001_AccountRegistrationTest:16 - ****** Starting Tc001_AccountRegistrationTest ******
2024-09-24 15:10:55 INFO  Tc001_AccountRegistrationTest:22 - Clicked on MyAccount Link
2024-09-24 15:10:55 INFO  Tc001_AccountRegistrationTest:25 - Clicked on Registert Link
2024-09-24 15:10:55 INFO  Tc001_AccountRegistrationTest:29 - Providing Custommer details..
2024-09-24 15:10:56 INFO  Tc001_AccountRegistrationTest:42 - Validating expected message
2024-09-24 15:11:53 INFO  Tc001_AccountRegistrationTest:16 - ****** Starting Tc001_AccountRegistrationTest ******
2024-09-24 15:11:53 INFO  Tc001_AccountRegistrationTest:22 - Clicked on MyAccount Link
2024-09-24 15:11:54 INFO  Tc001_AccountRegistrationTest:25 - Clicked on Registert Link
2024-09-24 15:11:54 INFO  Tc001_AccountRegistrationTest:29 - Providing Custommer details..
2024-09-24 15:11:55 INFO  Tc001_AccountRegistrationTest:42 - Validating expected message
2024-09-24 15:11:58 INFO  Tc002_LoginTest:18 - ********starting Tc002_LoginTest ******* 
2024-09-24 15:11:59 INFO  Tc002_LoginTest:42 - ********finished Tc002_LoginTest**********
2024-09-24 15:12:03 DEBUG PackageRelationshipCollection:307 - Parsing relationship: /xl/_rels/workbook.xml.rels
2024-09-24 15:12:03 DEBUG PackageRelationshipCollection:307 - Parsing relationship: /xl/worksheets/_rels/sheet1.xml.rels
2024-09-24 15:12:03 DEBUG PackageRelationshipCollection:307 - Parsing relationship: /_rels/.rels
2024-09-24 15:12:03 DEBUG POIXMLFactory:65 - using default POIXMLDocumentPart for http://schemas.openxmlformats.org/officeDocument/2006/relationships/printerSettings
2024-09-24 15:12:03 DEBUG PackageRelationshipCollection:307 - Parsing relationship: /xl/_rels/workbook.xml.rels
2024-09-24 15:12:03 DEBUG PackageRelationshipCollection:307 - Parsing relationship: /xl/worksheets/_rels/sheet1.xml.rels
2024-09-24 15:12:03 DEBUG PackageRelationshipCollection:307 - Parsing relationship: /_rels/.rels
2024-09-24 15:12:03 DEBUG POIXMLFactory:65 - using default POIXMLDocumentPart for http://schemas.openxmlformats.org/officeDocument/2006/relationships/printerSettings
2024-09-24 15:12:03 DEBUG PackageRelationshipCollection:307 - Parsing relationship: /xl/_rels/workbook.xml.rels
2024-09-24 15:12:03 DEBUG PackageRelationshipCollection:307 - Parsing relationship: /xl/worksheets/_rels/sheet1.xml.rels
2024-09-24 15:12:03 DEBUG PackageRelationshipCollection:307 - Parsing relationship: /_rels/.rels
2024-09-24 15:12:03 DEBUG POIXMLFactory:65 - using default POIXMLDocumentPart for http://schemas.openxmlformats.org/officeDocument/2006/relationships/printerSettings
2024-09-24 15:12:03 DEBUG PackageRelationshipCollection:307 - Parsing relationship: /xl/_rels/workbook.xml.rels
2024-09-24 15:12:03 DEBUG PackageRelationshipCollection:307 - Parsing relationship: /xl/worksheets/_rels/sheet1.xml.rels
2024-09-24 15:12:03 DEBUG PackageRelationshipCollection:307 - Parsing relationship: /_rels/.rels
2024-09-24 15:12:03 DEBUG POIXMLFactory:65 - using default POIXMLDocumentPart for http://schemas.openxmlformats.org/officeDocument/2006/relationships/printerSettings
2024-09-24 15:12:03 DEBUG PackageRelationshipCollection:307 - Parsing relationship: /xl/_rels/workbook.xml.rels
2024-09-24 15:12:03 DEBUG PackageRelationshipCollection:307 - Parsing relationship: /xl/worksheets/_rels/sheet1.xml.rels
2024-09-24 15:12:03 DEBUG PackageRelationshipCollection:307 - Parsing relationship: /_rels/.rels
2024-09-24 15:12:03 DEBUG POIXMLFactory:65 - using default POIXMLDocumentPart for http://schemas.openxmlformats.org/officeDocument/2006/relationships/printerSettings
2024-09-24 15:12:03 DEBUG PackageRelationshipCollection:307 - Parsing relationship: /xl/_rels/workbook.xml.rels
2024-09-24 15:12:03 DEBUG PackageRelationshipCollection:307 - Parsing relationship: /xl/worksheets/_rels/sheet1.xml.rels
2024-09-24 15:12:03 DEBUG PackageRelationshipCollection:307 - Parsing relationship: /_rels/.rels
2024-09-24 15:12:03 DEBUG POIXMLFactory:65 - using default POIXMLDocumentPart for http://schemas.openxmlformats.org/officeDocument/2006/relationships/printerSettings
2024-09-24 15:12:03 DEBUG PackageRelationshipCollection:307 - Parsing relationship: /xl/_rels/workbook.xml.rels
2024-09-24 15:12:03 DEBUG PackageRelationshipCollection:307 - Parsing relationship: /xl/worksheets/_rels/sheet1.xml.rels
2024-09-24 15:12:03 DEBUG PackageRelationshipCollection:307 - Parsing relationship: /_rels/.rels
2024-09-24 15:12:03 DEBUG POIXMLFactory:65 - using default POIXMLDocumentPart for http://schemas.openxmlformats.org/officeDocument/2006/relationships/printerSettings
2024-09-24 15:12:03 DEBUG PackageRelationshipCollection:307 - Parsing relationship: /xl/_rels/workbook.xml.rels
2024-09-24 15:12:03 DEBUG PackageRelationshipCollection:307 - Parsing relationship: /xl/worksheets/_rels/sheet1.xml.rels
2024-09-24 15:12:03 DEBUG PackageRelationshipCollection:307 - Parsing relationship: /_rels/.rels
2024-09-24 15:12:03 DEBUG POIXMLFactory:65 - using default POIXMLDocumentPart for http://schemas.openxmlformats.org/officeDocument/2006/relationships/printerSettings
2024-09-24 15:12:03 DEBUG PackageRelationshipCollection:307 - Parsing relationship: /xl/_rels/workbook.xml.rels
2024-09-24 15:12:03 DEBUG PackageRelationshipCollection:307 - Parsing relationship: /xl/worksheets/_rels/sheet1.xml.rels
2024-09-24 15:12:03 DEBUG PackageRelationshipCollection:307 - Parsing relationship: /_rels/.rels
2024-09-24 15:12:03 DEBUG POIXMLFactory:65 - using default POIXMLDocumentPart for http://schemas.openxmlformats.org/officeDocument/2006/relationships/printerSettings
2024-09-24 15:12:03 DEBUG PackageRelationshipCollection:307 - Parsing relationship: /xl/_rels/workbook.xml.rels
2024-09-24 15:12:03 DEBUG PackageRelationshipCollection:307 - Parsing relationship: /xl/worksheets/_rels/sheet1.xml.rels
2024-09-24 15:12:03 DEBUG PackageRelationshipCollection:307 - Parsing relationship: /_rels/.rels
2024-09-24 15:12:03 DEBUG POIXMLFactory:65 - using default POIXMLDocumentPart for http://schemas.openxmlformats.org/officeDocument/2006/relationships/printerSettings
2024-09-24 15:12:03 DEBUG PackageRelationshipCollection:307 - Parsing relationship: /xl/_rels/workbook.xml.rels
2024-09-24 15:12:03 DEBUG PackageRelationshipCollection:307 - Parsing relationship: /xl/worksheets/_rels/sheet1.xml.rels
2024-09-24 15:12:03 DEBUG PackageRelationshipCollection:307 - Parsing relationship: /_rels/.rels
2024-09-24 15:12:03 DEBUG POIXMLFactory:65 - using default POIXMLDocumentPart for http://schemas.openxmlformats.org/officeDocument/2006/relationships/printerSettings
2024-09-24 15:12:03 DEBUG PackageRelationshipCollection:307 - Parsing relationship: /xl/_rels/workbook.xml.rels
2024-09-24 15:12:03 DEBUG PackageRelationshipCollection:307 - Parsing relationship: /xl/worksheets/_rels/sheet1.xml.rels
2024-09-24 15:12:03 DEBUG PackageRelationshipCollection:307 - Parsing relationship: /_rels/.rels
2024-09-24 15:12:03 DEBUG POIXMLFactory:65 - using default POIXMLDocumentPart for http://schemas.openxmlformats.org/officeDocument/2006/relationships/printerSettings
2024-09-24 15:12:03 DEBUG PackageRelationshipCollection:307 - Parsing relationship: /xl/_rels/workbook.xml.rels
2024-09-24 15:12:03 DEBUG PackageRelationshipCollection:307 - Parsing relationship: /xl/worksheets/_rels/sheet1.xml.rels
2024-09-24 15:12:03 DEBUG PackageRelationshipCollection:307 - Parsing relationship: /_rels/.rels
2024-09-24 15:12:03 DEBUG POIXMLFactory:65 - using default POIXMLDocumentPart for http://schemas.openxmlformats.org/officeDocument/2006/relationships/printerSettings
2024-09-24 15:12:03 DEBUG PackageRelationshipCollection:307 - Parsing relationship: /xl/_rels/workbook.xml.rels
2024-09-24 15:12:03 DEBUG PackageRelationshipCollection:307 - Parsing relationship: /xl/worksheets/_rels/sheet1.xml.rels
2024-09-24 15:12:03 DEBUG PackageRelationshipCollection:307 - Parsing relationship: /_rels/.rels
2024-09-24 15:12:03 DEBUG POIXMLFactory:65 - using default POIXMLDocumentPart for http://schemas.openxmlformats.org/officeDocument/2006/relationships/printerSettings
2024-09-24 15:12:03 DEBUG PackageRelationshipCollection:307 - Parsing relationship: /xl/_rels/workbook.xml.rels
2024-09-24 15:12:03 DEBUG PackageRelationshipCollection:307 - Parsing relationship: /xl/worksheets/_rels/sheet1.xml.rels
2024-09-24 15:12:03 DEBUG PackageRelationshipCollection:307 - Parsing relationship: /_rels/.rels
2024-09-24 15:12:03 DEBUG POIXMLFactory:65 - using default POIXMLDocumentPart for http://schemas.openxmlformats.org/officeDocument/2006/relationships/printerSettings
2024-09-24 15:12:03 DEBUG PackageRelationshipCollection:307 - Parsing relationship: /xl/_rels/workbook.xml.rels
2024-09-24 15:12:03 DEBUG PackageRelationshipCollection:307 - Parsing relationship: /xl/worksheets/_rels/sheet1.xml.rels
2024-09-24 15:12:03 DEBUG PackageRelationshipCollection:307 - Parsing relationship: /_rels/.rels
2024-09-24 15:12:03 DEBUG POIXMLFactory:65 - using default POIXMLDocumentPart for http://schemas.openxmlformats.org/officeDocument/2006/relationships/printerSettings
2024-09-24 15:12:03 DEBUG PackageRelationshipCollection:307 - Parsing relationship: /xl/_rels/workbook.xml.rels
2024-09-24 15:12:03 DEBUG PackageRelationshipCollection:307 - Parsing relationship: /xl/worksheets/_rels/sheet1.xml.rels
2024-09-24 15:12:03 DEBUG PackageRelationshipCollection:307 - Parsing relationship: /_rels/.rels
2024-09-24 15:12:03 DEBUG POIXMLFactory:65 - using default POIXMLDocumentPart for http://schemas.openxmlformats.org/officeDocument/2006/relationships/printerSettings
2024-09-24 15:12:03 INFO  Tc003_LoginDDT:16 - ********starting Tc003_LoginDDT ******* 
2024-09-24 15:12:05 INFO  Tc003_LoginDDT:60 - ********finished Tc003_LoginDDT**********
2024-09-24 15:12:05 INFO  Tc003_LoginDDT:16 - ********starting Tc003_LoginDDT ******* 
2024-09-24 15:12:16 INFO  Tc003_LoginDDT:16 - ********starting Tc003_LoginDDT ******* 
2024-09-24 15:12:27 INFO  Tc003_LoginDDT:60 - ********finished Tc003_LoginDDT**********
2024-09-24 15:12:27 INFO  Tc003_LoginDDT:16 - ********starting Tc003_LoginDDT ******* 
2024-09-24 15:12:39 INFO  Tc003_LoginDDT:60 - ********finished Tc003_LoginDDT**********
2024-09-24 15:12:39 INFO  Tc003_LoginDDT:16 - ********starting Tc003_LoginDDT ******* 
2024-09-24 15:12:41 INFO  Tc003_LoginDDT:60 - ********finished Tc003_LoginDDT**********
2024-09-24 15:18:14 INFO  Tc001_AccountRegistrationTest:16 - ****** Starting Tc001_AccountRegistrationTest ******
2024-09-24 15:18:14 INFO  Tc001_AccountRegistrationTest:22 - Clicked on MyAccount Link
2024-09-24 15:18:15 INFO  Tc001_AccountRegistrationTest:25 - Clicked on Registert Link
2024-09-24 15:18:15 INFO  Tc001_AccountRegistrationTest:29 - Providing Custommer details..
2024-09-24 15:18:16 INFO  Tc001_AccountRegistrationTest:42 - Validating expected message
2024-09-24 15:18:19 INFO  Tc002_LoginTest:18 - ********starting Tc002_LoginTest ******* 
2024-09-24 15:18:20 INFO  Tc002_LoginTest:42 - ********finished Tc002_LoginTest**********
2024-09-24 15:18:24 DEBUG PackageRelationshipCollection:307 - Parsing relationship: /xl/_rels/workbook.xml.rels
2024-09-24 15:18:24 DEBUG PackageRelationshipCollection:307 - Parsing relationship: /xl/worksheets/_rels/sheet1.xml.rels
2024-09-24 15:18:24 DEBUG PackageRelationshipCollection:307 - Parsing relationship: /_rels/.rels
2024-09-24 15:18:24 DEBUG POIXMLFactory:65 - using default POIXMLDocumentPart for http://schemas.openxmlformats.org/officeDocument/2006/relationships/printerSettings
2024-09-24 15:18:24 DEBUG PackageRelationshipCollection:307 - Parsing relationship: /xl/_rels/workbook.xml.rels
2024-09-24 15:18:24 DEBUG PackageRelationshipCollection:307 - Parsing relationship: /xl/worksheets/_rels/sheet1.xml.rels
2024-09-24 15:18:24 DEBUG PackageRelationshipCollection:307 - Parsing relationship: /_rels/.rels
2024-09-24 15:18:24 DEBUG POIXMLFactory:65 - using default POIXMLDocumentPart for http://schemas.openxmlformats.org/officeDocument/2006/relationships/printerSettings
2024-09-24 15:18:24 DEBUG PackageRelationshipCollection:307 - Parsing relationship: /xl/_rels/workbook.xml.rels
2024-09-24 15:18:24 DEBUG PackageRelationshipCollection:307 - Parsing relationship: /xl/worksheets/_rels/sheet1.xml.rels
2024-09-24 15:18:24 DEBUG PackageRelationshipCollection:307 - Parsing relationship: /_rels/.rels
2024-09-24 15:18:24 DEBUG POIXMLFactory:65 - using default POIXMLDocumentPart for http://schemas.openxmlformats.org/officeDocument/2006/relationships/printerSettings
2024-09-24 15:18:24 DEBUG PackageRelationshipCollection:307 - Parsing relationship: /xl/_rels/workbook.xml.rels
2024-09-24 15:18:24 DEBUG PackageRelationshipCollection:307 - Parsing relationship: /xl/worksheets/_rels/sheet1.xml.rels
2024-09-24 15:18:24 DEBUG PackageRelationshipCollection:307 - Parsing relationship: /_rels/.rels
2024-09-24 15:18:24 DEBUG POIXMLFactory:65 - using default POIXMLDocumentPart for http://schemas.openxmlformats.org/officeDocument/2006/relationships/printerSettings
2024-09-24 15:18:24 DEBUG PackageRelationshipCollection:307 - Parsing relationship: /xl/_rels/workbook.xml.rels
2024-09-24 15:18:24 DEBUG PackageRelationshipCollection:307 - Parsing relationship: /xl/worksheets/_rels/sheet1.xml.rels
2024-09-24 15:18:24 DEBUG PackageRelationshipCollection:307 - Parsing relationship: /_rels/.rels
2024-09-24 15:18:24 DEBUG POIXMLFactory:65 - using default POIXMLDocumentPart for http://schemas.openxmlformats.org/officeDocument/2006/relationships/printerSettings
2024-09-24 15:18:24 DEBUG PackageRelationshipCollection:307 - Parsing relationship: /xl/_rels/workbook.xml.rels
2024-09-24 15:18:24 DEBUG PackageRelationshipCollection:307 - Parsing relationship: /xl/worksheets/_rels/sheet1.xml.rels
2024-09-24 15:18:24 DEBUG PackageRelationshipCollection:307 - Parsing relationship: /_rels/.rels
2024-09-24 15:18:24 DEBUG POIXMLFactory:65 - using default POIXMLDocumentPart for http://schemas.openxmlformats.org/officeDocument/2006/relationships/printerSettings
2024-09-24 15:18:24 DEBUG PackageRelationshipCollection:307 - Parsing relationship: /xl/_rels/workbook.xml.rels
2024-09-24 15:18:24 DEBUG PackageRelationshipCollection:307 - Parsing relationship: /xl/worksheets/_rels/sheet1.xml.rels
2024-09-24 15:18:24 DEBUG PackageRelationshipCollection:307 - Parsing relationship: /_rels/.rels
2024-09-24 15:18:24 DEBUG POIXMLFactory:65 - using default POIXMLDocumentPart for http://schemas.openxmlformats.org/officeDocument/2006/relationships/printerSettings
2024-09-24 15:18:24 DEBUG PackageRelationshipCollection:307 - Parsing relationship: /xl/_rels/workbook.xml.rels
2024-09-24 15:18:24 DEBUG PackageRelationshipCollection:307 - Parsing relationship: /xl/worksheets/_rels/sheet1.xml.rels
2024-09-24 15:18:24 DEBUG PackageRelationshipCollection:307 - Parsing relationship: /_rels/.rels
2024-09-24 15:18:24 DEBUG POIXMLFactory:65 - using default POIXMLDocumentPart for http://schemas.openxmlformats.org/officeDocument/2006/relationships/printerSettings
2024-09-24 15:18:24 DEBUG PackageRelationshipCollection:307 - Parsing relationship: /xl/_rels/workbook.xml.rels
2024-09-24 15:18:24 DEBUG PackageRelationshipCollection:307 - Parsing relationship: /xl/worksheets/_rels/sheet1.xml.rels
2024-09-24 15:18:24 DEBUG PackageRelationshipCollection:307 - Parsing relationship: /_rels/.rels
2024-09-24 15:18:24 DEBUG POIXMLFactory:65 - using default POIXMLDocumentPart for http://schemas.openxmlformats.org/officeDocument/2006/relationships/printerSettings
2024-09-24 15:18:24 DEBUG PackageRelationshipCollection:307 - Parsing relationship: /xl/_rels/workbook.xml.rels
2024-09-24 15:18:24 DEBUG PackageRelationshipCollection:307 - Parsing relationship: /xl/worksheets/_rels/sheet1.xml.rels
2024-09-24 15:18:24 DEBUG PackageRelationshipCollection:307 - Parsing relationship: /_rels/.rels
2024-09-24 15:18:24 DEBUG POIXMLFactory:65 - using default POIXMLDocumentPart for http://schemas.openxmlformats.org/officeDocument/2006/relationships/printerSettings
2024-09-24 15:18:24 DEBUG PackageRelationshipCollection:307 - Parsing relationship: /xl/_rels/workbook.xml.rels
2024-09-24 15:18:24 DEBUG PackageRelationshipCollection:307 - Parsing relationship: /xl/worksheets/_rels/sheet1.xml.rels
2024-09-24 15:18:24 DEBUG PackageRelationshipCollection:307 - Parsing relationship: /_rels/.rels
2024-09-24 15:18:24 DEBUG POIXMLFactory:65 - using default POIXMLDocumentPart for http://schemas.openxmlformats.org/officeDocument/2006/relationships/printerSettings
2024-09-24 15:18:24 DEBUG PackageRelationshipCollection:307 - Parsing relationship: /xl/_rels/workbook.xml.rels
2024-09-24 15:18:24 DEBUG PackageRelationshipCollection:307 - Parsing relationship: /xl/worksheets/_rels/sheet1.xml.rels
2024-09-24 15:18:24 DEBUG PackageRelationshipCollection:307 - Parsing relationship: /_rels/.rels
2024-09-24 15:18:24 DEBUG POIXMLFactory:65 - using default POIXMLDocumentPart for http://schemas.openxmlformats.org/officeDocument/2006/relationships/printerSettings
2024-09-24 15:18:24 DEBUG PackageRelationshipCollection:307 - Parsing relationship: /xl/_rels/workbook.xml.rels
2024-09-24 15:18:24 DEBUG PackageRelationshipCollection:307 - Parsing relationship: /xl/worksheets/_rels/sheet1.xml.rels
2024-09-24 15:18:24 DEBUG PackageRelationshipCollection:307 - Parsing relationship: /_rels/.rels
2024-09-24 15:18:24 DEBUG POIXMLFactory:65 - using default POIXMLDocumentPart for http://schemas.openxmlformats.org/officeDocument/2006/relationships/printerSettings
2024-09-24 15:18:24 DEBUG PackageRelationshipCollection:307 - Parsing relationship: /xl/_rels/workbook.xml.rels
2024-09-24 15:18:24 DEBUG PackageRelationshipCollection:307 - Parsing relationship: /xl/worksheets/_rels/sheet1.xml.rels
2024-09-24 15:18:24 DEBUG PackageRelationshipCollection:307 - Parsing relationship: /_rels/.rels
2024-09-24 15:18:24 DEBUG POIXMLFactory:65 - using default POIXMLDocumentPart for http://schemas.openxmlformats.org/officeDocument/2006/relationships/printerSettings
2024-09-24 15:18:24 DEBUG PackageRelationshipCollection:307 - Parsing relationship: /xl/_rels/workbook.xml.rels
2024-09-24 15:18:24 DEBUG PackageRelationshipCollection:307 - Parsing relationship: /xl/worksheets/_rels/sheet1.xml.rels
2024-09-24 15:18:24 DEBUG PackageRelationshipCollection:307 - Parsing relationship: /_rels/.rels
2024-09-24 15:18:24 DEBUG POIXMLFactory:65 - using default POIXMLDocumentPart for http://schemas.openxmlformats.org/officeDocument/2006/relationships/printerSettings
2024-09-24 15:18:24 DEBUG PackageRelationshipCollection:307 - Parsing relationship: /xl/_rels/workbook.xml.rels
2024-09-24 15:18:24 DEBUG PackageRelationshipCollection:307 - Parsing relationship: /xl/worksheets/_rels/sheet1.xml.rels
2024-09-24 15:18:24 DEBUG PackageRelationshipCollection:307 - Parsing relationship: /_rels/.rels
2024-09-24 15:18:24 DEBUG POIXMLFactory:65 - using default POIXMLDocumentPart for http://schemas.openxmlformats.org/officeDocument/2006/relationships/printerSettings
2024-09-24 15:18:24 DEBUG PackageRelationshipCollection:307 - Parsing relationship: /xl/_rels/workbook.xml.rels
2024-09-24 15:18:24 DEBUG PackageRelationshipCollection:307 - Parsing relationship: /xl/worksheets/_rels/sheet1.xml.rels
2024-09-24 15:18:24 DEBUG PackageRelationshipCollection:307 - Parsing relationship: /_rels/.rels
2024-09-24 15:18:24 DEBUG POIXMLFactory:65 - using default POIXMLDocumentPart for http://schemas.openxmlformats.org/officeDocument/2006/relationships/printerSettings
2024-09-24 15:18:24 INFO  Tc003_LoginDDT:16 - ********starting Tc003_LoginDDT ******* 
2024-09-24 15:18:26 INFO  Tc003_LoginDDT:60 - ********finished Tc003_LoginDDT**********
2024-09-24 15:18:26 INFO  Tc003_LoginDDT:16 - ********starting Tc003_LoginDDT ******* 
2024-09-24 15:18:37 INFO  Tc003_LoginDDT:16 - ********starting Tc003_LoginDDT ******* 
2024-09-24 15:18:48 INFO  Tc003_LoginDDT:60 - ********finished Tc003_LoginDDT**********
2024-09-24 15:18:48 INFO  Tc003_LoginDDT:16 - ********starting Tc003_LoginDDT ******* 
2024-09-24 15:18:59 INFO  Tc003_LoginDDT:60 - ********finished Tc003_LoginDDT**********
2024-09-24 15:18:59 INFO  Tc003_LoginDDT:16 - ********starting Tc003_LoginDDT ******* 
2024-09-24 15:19:01 INFO  Tc003_LoginDDT:60 - ********finished Tc003_LoginDDT**********
